Building DAG of jobs...
Using shell: /usr/bin/bash
Provided cores: 16
Rules claiming more threads will be scaled down.
Job stats:
job       count
------  -------
sample        1
total         1

Select jobs to execute...
Execute 1 jobs...

[Thu Jun 13 12:32:48 2024]
localrule sample:
    input: input.csv
    output: output.csv
    jobid: 0
    reason: Missing output files: output.csv
    resources: tmpdir=/tmp

[Thu Jun 13 12:32:48 2024]
Error in rule sample:
    jobid: 0
    input: input.csv
    output: output.csv
    shell:
        
        Rscripts sample.R input.csvoutput.csv
        
        (one of the commands exited with non-zero exit code; note that snakemake uses bash strict mode!)

Shutting down, this might take some time.
Exiting because a job execution failed. Look above for error message
Complete log: .snakemake/log/2024-06-13T123248.278199.snakemake.log
WorkflowError:
At least one job did not complete successfully.
