Building DAG of jobs...
Using shell: /usr/bin/bash
Provided cores: 16
Rules claiming more threads will be scaled down.
Job stats:
job             count
------------  -------
Find_Markers        1
total               1

Select jobs to execute...
Execute 1 jobs...

[Tue Jun 25 10:43:45 2024]
localrule Find_Markers:
    input: Clustering.rds
    output: ALl_markers.csv, Top_Markers.csv
    jobid: 0
    reason: Missing output files: ALl_markers.csv, Top_Markers.csv
    resources: tmpdir=/tmp

[Tue Jun 25 10:43:49 2024]
Error in rule Find_Markers:
    jobid: 0
    input: Clustering.rds
    output: ALl_markers.csv, Top_Markers.csv
    shell:
        
        Rscript Find_Markers.R Clustering.rds ALl_markers.csv Top_Markers.csv RNA_snn_res.0.05 TRUE 0.25 10
        
        (one of the commands exited with non-zero exit code; note that snakemake uses bash strict mode!)

Removing output files of failed job Find_Markers since they might be corrupted:
Top_Markers.csv
Shutting down, this might take some time.
Exiting because a job execution failed. Look above for error message
Complete log: .snakemake/log/2024-06-25T104345.634829.snakemake.log
WorkflowError:
At least one job did not complete successfully.
