Building DAG of jobs...
Using shell: /usr/bin/bash
Provided cores: 16
Rules claiming more threads will be scaled down.
Job stats:
job             count
------------  -------
all                 1
find_markers        1
total               2

Select jobs to execute...
Execute 1 jobs...

[Thu Jun 27 15:25:36 2024]
localrule find_markers:
    input: Clustering.rds
    output: All_markers.txt, Top_Markers.txt
    jobid: 4
    reason: Code has changed since last execution
    resources: tmpdir=/tmp

RuleException in rule find_markers in file /home/pratik/snakemake/Snakemake_tutorial/Snakefile, line 90:
AttributeError: 'OutputFiles' object has no attribute 'pdf1', when formatting the following:

        echo "Please enter the number of Resolutions: "
        read Resolutions
        code {output.pdf1}
        Rscript Find_Markers.R {input.file} {output.file} {output.file2} $Resolutions {params.Onlypositive_FC_} {params.min_pct} {params.Top_listed_Genes} {params.pdf1} {params.pdf2} {params.dims}
        
