Building DAG of jobs...
Using shell: /usr/bin/bash
Provided cores: 16
Rules claiming more threads will be scaled down.
Job stats:
job             count
------------  -------
all                 1
find_markers        1
total               2

Select jobs to execute...
Execute 1 jobs...

[Thu Jun 27 15:14:03 2024]
localrule find_markers:
    input: Clustering.rds
    output: All_markers.txt, Top_Markers.txt
    jobid: 4
    reason: Missing output files: Top_Markers.txt, All_markers.txt
    resources: tmpdir=/tmp

RuleException in rule find_markers in file /home/pratik/snakemake/Snakemake_tutorial/Snakefile, line 89:
AttributeError: 'Params' object has no attribute 'Only_positive_FC', when formatting the following:

        Rscript Find_Markers.R {input.file} {output.file} {output.file2} {params.Resolutions} {params.Only_positive_FC} {params.min_pct} {params.Top_listed_Genes} {params.pdf1} {params.pdf2} {params.dims}
        code {output.file2}
        
