Building DAG of jobs...
Using shell: /usr/bin/bash
Provided cores: 16
Rules claiming more threads will be scaled down.
Job stats:
job       count
------  -------
sample        1
total         1

Select jobs to execute...
Execute 1 jobs...

[Thu Jun 13 12:34:54 2024]
localrule sample:
    input: input.csv
    output: output.csv
    jobid: 0
    reason: Missing output files: output.csv
    resources: tmpdir=/tmp

[Thu Jun 13 12:34:54 2024]
Finished job 0.
1 of 1 steps (100%) done
Complete log: .snakemake/log/2024-06-13T123454.228968.snakemake.log
