Building DAG of jobs...
Using shell: /usr/bin/bash
Provided cores: 16
Rules claiming more threads will be scaled down.
Job stats:
job             count
------------  -------
all                 1
clustering          1
filtering           1
find_markers        1
sample              1
total               5

Select jobs to execute...
Execute 1 jobs...

[Fri Jun 28 13:09:08 2024]
localrule sample:
    input: /home/pratik/IGIB/SCRNA_seq_data/SC3pv3_GEX_Human_PBMC_filtered_feature_bc_matrix.h5
    output: RDS_File/pbmc.rds
    jobid: 1
    reason: Missing output files: RDS_File/pbmc.rds
    resources: tmpdir=/tmp

[Fri Jun 28 13:09:22 2024]
Finished job 1.
1 of 5 steps (20%) done
Select jobs to execute...
Execute 1 jobs...

[Fri Jun 28 13:09:22 2024]
localrule filtering:
    input: RDS_File/pbmc.rds
    output: RDS_File/Filtered_data.rds
    jobid: 2
    reason: Missing output files: RDS_File/Filtered_data.rds; Input files updated by another job: RDS_File/pbmc.rds
    resources: tmpdir=/tmp

[Fri Jun 28 13:10:47 2024]
Finished job 2.
2 of 5 steps (40%) done
Select jobs to execute...
Execute 1 jobs...

[Fri Jun 28 13:10:47 2024]
localrule clustering:
    input: RDS_File/Filtered_data.rds
    output: Results/Meta_Data.csv, RDS_File/Clustering.rds, Results/Clustering_Resolutions.csv
    jobid: 3
    reason: Missing output files: RDS_File/Clustering.rds, Results/Meta_Data.csv; Input files updated by another job: RDS_File/Filtered_data.rds
    resources: tmpdir=/tmp

[Fri Jun 28 13:11:19 2024]
Finished job 3.
3 of 5 steps (60%) done
Select jobs to execute...
Execute 1 jobs...

[Fri Jun 28 13:11:19 2024]
localrule find_markers:
    input: RDS_File/Clustering.rds
    output: Results/All_markers.txt, Results/Top_Markers.txt
    jobid: 4
    reason: Missing output files: Results/All_markers.txt, Results/Top_Markers.txt; Input files updated by another job: RDS_File/Clustering.rds
    resources: tmpdir=/tmp

[Fri Jun 28 13:11:59 2024]
Finished job 4.
4 of 5 steps (80%) done
Select jobs to execute...
Execute 1 jobs...

[Fri Jun 28 13:11:59 2024]
localrule all:
    input: RDS_File/pbmc.rds, RDS_File/Filtered_data.rds, Results/Meta_Data.csv, RDS_File/Clustering.rds, Results/All_markers.txt, Results/Top_Markers.txt
    jobid: 0
    reason: Input files updated by another job: RDS_File/Clustering.rds, Results/Top_Markers.txt, RDS_File/pbmc.rds, Results/Meta_Data.csv, RDS_File/Filtered_data.rds, Results/All_markers.txt
    resources: tmpdir=/tmp

[Fri Jun 28 13:11:59 2024]
Finished job 0.
5 of 5 steps (100%) done
Complete log: .snakemake/log/2024-06-28T130908.054163.snakemake.log
