Building DAG of jobs...
Using shell: /usr/bin/bash
Provided cores: 16
Rules claiming more threads will be scaled down.
Job stats:
job             count
------------  -------
all                 1
clustering          1
filtering           1
find_markers        1
total               4

Select jobs to execute...
Execute 1 jobs...

[Tue Jun 25 12:59:31 2024]
localrule filtering:
    input: pbmc.rds
    output: Filtered_data.rds
    jobid: 2
    reason: Missing output files: Filtered_data.rds; Updated input files: pbmc.rds
    resources: tmpdir=/tmp

