Building DAG of jobs...
Using shell: /usr/bin/bash
Provided cores: 16
Rules claiming more threads will be scaled down.
Job stats:
job             count
------------  -------
all                 1
clustering          1
filtering           1
find_markers        1
total               4

Select jobs to execute...
Execute 1 jobs...

[Thu Jun 27 14:31:38 2024]
localrule filtering:
    input: pbmc.rds
    output: Filtered_data.rds
    jobid: 2
    reason: Code has changed since last execution; Params have changed since last execution
    resources: tmpdir=/tmp

[Thu Jun 27 14:32:16 2024]
Finished job 2.
1 of 4 steps (25%) done
Select jobs to execute...
Execute 1 jobs...

[Thu Jun 27 14:32:16 2024]
localrule clustering:
    input: Filtered_data.rds
    output: Meta_Data.csv, Clustering.rds, Clustering_Resolutions.csv
    jobid: 3
    reason: Input files updated by another job: Filtered_data.rds
    resources: tmpdir=/tmp

[Thu Jun 27 14:32:33 2024]
Finished job 3.
2 of 4 steps (50%) done
Select jobs to execute...
Execute 1 jobs...

[Thu Jun 27 14:32:33 2024]
localrule find_markers:
    input: Clustering.rds
    output: All_markers.txt, Top_Markers.txt
    jobid: 4
    reason: Input files updated by another job: Clustering.rds
    resources: tmpdir=/tmp

[Thu Jun 27 14:32:44 2024]
Finished job 4.
3 of 4 steps (75%) done
Select jobs to execute...
Execute 1 jobs...

[Thu Jun 27 14:32:44 2024]
localrule all:
    input: pbmc.rds, Filtered_data.rds, Meta_Data.csv, Clustering.rds, All_markers.txt, Top_Markers.txt
    jobid: 0
    reason: Input files updated by another job: Filtered_data.rds, Meta_Data.csv, Clustering.rds, All_markers.txt, Top_Markers.txt
    resources: tmpdir=/tmp

[Thu Jun 27 14:32:44 2024]
Finished job 0.
4 of 4 steps (100%) done
Complete log: .snakemake/log/2024-06-27T143138.414276.snakemake.log
