Building DAG of jobs...
Using shell: /usr/bin/bash
Provided cores: 16
Rules claiming more threads will be scaled down.
Job stats:
job             count
------------  -------
clustering          1
filtering           1
find_markers        1
total               3

Select jobs to execute...
Execute 1 jobs...

[Tue Jun 25 12:38:45 2024]
localrule filtering:
    input: pbmc.rds
    output: Filtered_data.rds
    jobid: 2
    reason: Code has changed since last execution
    resources: tmpdir=/tmp

[Tue Jun 25 12:39:41 2024]
Finished job 2.
1 of 3 steps (33%) done
Select jobs to execute...
Execute 1 jobs...

[Tue Jun 25 12:39:41 2024]
localrule clustering:
    input: Filtered_data.rds
    output: Meta_Data.csv, Clustering.rds
    jobid: 1
    reason: Input files updated by another job: Filtered_data.rds
    resources: tmpdir=/tmp

[Tue Jun 25 12:39:54 2024]
Finished job 1.
2 of 3 steps (67%) done
Select jobs to execute...
Execute 1 jobs...

[Tue Jun 25 12:39:54 2024]
localrule find_markers:
    input: Clustering.rds
    output: All_markers.txt, Top_Markers.txt
    jobid: 0
    reason: Input files updated by another job: Clustering.rds
    resources: tmpdir=/tmp

[Tue Jun 25 12:40:03 2024]
Finished job 0.
3 of 3 steps (100%) done
Complete log: .snakemake/log/2024-06-25T123845.453673.snakemake.log
