Building DAG of jobs...
Using shell: /usr/bin/bash
Provided cores: 16
Rules claiming more threads will be scaled down.
Job stats:
job           count
----------  -------
Clustering        1
total             1

Select jobs to execute...
Execute 1 jobs...

[Tue Jun 25 12:05:19 2024]
localrule Clustering:
    input: Filtered_data.rds
    output: Meta_Data.csv, Clustering.rds
    jobid: 0
    reason: Set of input files has changed since last execution; Code has changed since last execution
    resources: tmpdir=/tmp

[Tue Jun 25 12:05:30 2024]
Finished job 0.
1 of 1 steps (100%) done
Complete log: .snakemake/log/2024-06-25T120519.765778.snakemake.log
