Building DAG of jobs...
Using shell: /usr/bin/bash
Provided cores: 16
Rules claiming more threads will be scaled down.
Job stats:
job          count
---------  -------
filtering        1
total            1

Select jobs to execute...
Execute 1 jobs...

[Mon Jun 24 11:52:28 2024]
localrule filtering:
    input: pbmc.rds
    output: Filtered_data.rds
    jobid: 0
    reason: Missing output files: Filtered_data.rds
    resources: tmpdir=/tmp

[Mon Jun 24 11:52:32 2024]
Error in rule filtering:
    jobid: 0
    input: pbmc.rds
    output: Filtered_data.rds
    shell:
        
        Rscript Filtering_sc_data.R pbmc.rds  Filtered_data.rds 100 6000 25 2000 10 Highly_variable_Genes.pdf No_of_Cells_and_Features.pdf Scaled_Highly_variable_Genes.pdf PCA.pdf Top 10 PC.pdf Elbow_plot.pdf
        
        (one of the commands exited with non-zero exit code; note that snakemake uses bash strict mode!)

Shutting down, this might take some time.
Exiting because a job execution failed. Look above for error message
Complete log: .snakemake/log/2024-06-24T115228.495184.snakemake.log
WorkflowError:
At least one job did not complete successfully.
