Building DAG of jobs...
Using shell: /usr/bin/bash
Provided cores: 16
Rules claiming more threads will be scaled down.
Job stats:
job           count
----------  -------
all               1
clustering        1
filtering         1
sample            1
total             4

Select jobs to execute...
Execute 1 jobs...

[Tue Jun 25 12:27:38 2024]
localrule sample:
    input: /home/pratik/IGIB/SCRNA_seq_data/SC3pv3_GEX_Human_PBMC_filtered_feature_bc_matrix.h5
    output: pbmc.rds
    jobid: 1
    reason: Code has changed since last execution
    resources: tmpdir=/tmp

[Tue Jun 25 12:28:10 2024]
Finished job 1.
1 of 4 steps (25%) done
Select jobs to execute...
Execute 1 jobs...

[Tue Jun 25 12:28:10 2024]
localrule filtering:
    input: pbmc.rds
    output: Filtered_data.rds
    jobid: 2
    reason: Input files updated by another job: pbmc.rds
    resources: tmpdir=/tmp

[Tue Jun 25 12:28:21 2024]
Finished job 2.
2 of 4 steps (50%) done
Select jobs to execute...
Execute 1 jobs...

[Tue Jun 25 12:28:21 2024]
localrule clustering:
    input: Filtered_data.rds
    output: Meta_Data.csv, Clustering.rds
    jobid: 3
    reason: Input files updated by another job: Filtered_data.rds
    resources: tmpdir=/tmp

[Tue Jun 25 12:28:34 2024]
Finished job 3.
3 of 4 steps (75%) done
Select jobs to execute...
Execute 1 jobs...

[Tue Jun 25 12:28:34 2024]
localrule all:
    input: pbmc.rds, Filtered_data.rds, Meta_Data.csv, Clustering.rds
    jobid: 0
    reason: Input files updated by another job: Meta_Data.csv, pbmc.rds, Clustering.rds, Filtered_data.rds
    resources: tmpdir=/tmp

[Tue Jun 25 12:28:34 2024]
Finished job 0.
4 of 4 steps (100%) done
Complete log: .snakemake/log/2024-06-25T122738.616938.snakemake.log
