Building DAG of jobs...
Using shell: /usr/bin/bash
Provided cores: 16
Rules claiming more threads will be scaled down.
Job stats:
job           count
----------  -------
Clustering        1
all               1
get_input         1
total             3

Select jobs to execute...
Execute 1 jobs...

[Tue Jun 25 11:59:41 2024]
localrule get_input:
    output: dims.txt
    jobid: 4
    reason: Missing output files: dims.txt
    resources: tmpdir=/tmp

[Tue Jun 25 11:59:47 2024]
Finished job 4.
1 of 3 steps (33%) done
Select jobs to execute...
Execute 1 jobs...

[Tue Jun 25 11:59:47 2024]
localrule Clustering:
    input: Filtered_data.rds, dims.txt
    output: Meta_Data.csv, Clustering.rds
    jobid: 1
    reason: Missing output files: Meta_Data.csv, Clustering.rds; Input files updated by another job: dims.txt; Set of input files has changed since last execution; Code has changed since last execution
    resources: tmpdir=/tmp

[Tue Jun 25 11:59:56 2024]
Finished job 1.
2 of 3 steps (67%) done
Select jobs to execute...
Execute 1 jobs...

[Tue Jun 25 11:59:56 2024]
localrule all:
    input: Meta_Data.csv, Clustering.rds
    jobid: 0
    reason: Input files updated by another job: Clustering.rds, Meta_Data.csv
    resources: tmpdir=/tmp

[Tue Jun 25 11:59:56 2024]
Finished job 0.
3 of 3 steps (100%) done
Complete log: .snakemake/log/2024-06-25T115941.321863.snakemake.log
