Building DAG of jobs...
Using shell: /usr/bin/bash
Provided cores: 16
Rules claiming more threads will be scaled down.
Job stats:
job          count
---------  -------
filtering        1
total            1

Select jobs to execute...
Execute 1 jobs...

[Mon Jun 24 12:06:22 2024]
localrule filtering:
    input: pbmc.rds
    output: Filtered_data.rds
    jobid: 0
    reason: Missing output files: Filtered_data.rds
    resources: tmpdir=/tmp

Waiting at most 5 seconds for missing files.
MissingOutputException in rule filtering in file /home/pratik/snakemake/Snakemake_tutorial/Snakefile, line 20:
Job 0 completed successfully, but some output files are missing. Missing files after 5 seconds. This might be due to filesystem latency. If that is the case, consider to increase the wait time with --latency-wait:
Filtered_data.rds (missing locally, parent dir not present)
Shutting down, this might take some time.
Exiting because a job execution failed. Look above for error message
Complete log: .snakemake/log/2024-06-24T120621.980077.snakemake.log
WorkflowError:
At least one job did not complete successfully.
