Building DAG of jobs...
Using shell: /usr/bin/bash
Provided cores: 16
Rules claiming more threads will be scaled down.
Job stats:
job       count
------  -------
sample        1
total         1

Select jobs to execute...
Execute 1 jobs...

[Fri Jun 21 12:48:11 2024]
localrule sample:
    input: /home/pratik/IGIB/SCRNA_seq_data/SC3pv3_GEX_Human_PBMC_filtered_feature_bc_matrix.h5
    output: pbmc.rds, Miochondrial percentage.pdf
    jobid: 0
    reason: Missing output files: pbmc.rds, Miochondrial percentage.pdf
    resources: tmpdir=/tmp

[Fri Jun 21 12:48:21 2024]
Error in rule sample:
    jobid: 0
    input: /home/pratik/IGIB/SCRNA_seq_data/SC3pv3_GEX_Human_PBMC_filtered_feature_bc_matrix.h5
    output: pbmc.rds, Miochondrial percentage.pdf
    shell:
        
        Rscript sample.R /home/pratik/IGIB/SCRNA_seq_data/SC3pv3_GEX_Human_PBMC_filtered_feature_bc_matrix.h5 pbmc.rds Miochondrial percentage.pdf 3 200
        
        (one of the commands exited with non-zero exit code; note that snakemake uses bash strict mode!)

Shutting down, this might take some time.
Exiting because a job execution failed. Look above for error message
Complete log: .snakemake/log/2024-06-21T124811.484168.snakemake.log
WorkflowError:
At least one job did not complete successfully.
