Building DAG of jobs...
Using shell: /usr/bin/bash
Provided cores: 16
Rules claiming more threads will be scaled down.
Job stats:
job             count
------------  -------
Clustering          1
Find_Markers        1
total               2

Select jobs to execute...
Execute 1 jobs...

[Tue Jun 25 10:34:49 2024]
localrule Clustering:
    input: Filtered_data.rds
    output: Meta_Data.csv, Clustering.rds
    jobid: 1
    reason: Missing output files: Clustering.rds; Code has changed since last execution
    resources: tmpdir=/tmp

[Tue Jun 25 10:34:57 2024]
Finished job 1.
1 of 2 steps (50%) done
Select jobs to execute...
Execute 1 jobs...

[Tue Jun 25 10:34:57 2024]
localrule Find_Markers:
    input: Clustering.rds
    output: ALl_markers.csv, Top_Markers.csv
    jobid: 0
    reason: Input files updated by another job: Clustering.rds
    resources: tmpdir=/tmp

[Tue Jun 25 10:35:01 2024]
Error in rule Find_Markers:
    jobid: 0
    input: Clustering.rds
    output: ALl_markers.csv, Top_Markers.csv
    shell:
        
        Rscript Find_Markers.R Clustering.rds ALl_markers.csv Top_Markers.csv RNA_snn_res.0.05 TRUE 0.25 10
        
        (one of the commands exited with non-zero exit code; note that snakemake uses bash strict mode!)

Shutting down, this might take some time.
Exiting because a job execution failed. Look above for error message
Complete log: .snakemake/log/2024-06-25T103449.553851.snakemake.log
WorkflowError:
At least one job did not complete successfully.
