Building DAG of jobs...
Using shell: /usr/bin/bash
Provided cores: 16
Rules claiming more threads will be scaled down.
Job stats:
job             count
------------  -------
all                 1
clustering          1
filtering           1
find_markers        1
total               4

Select jobs to execute...
Execute 1 jobs...

[Fri Jun 28 15:35:13 2024]
localrule filtering:
    input: RDS_File/pbmc.rds
    output: RDS_File/Filtered_data.rds
    jobid: 1
    reason: Code has changed since last execution; Params have changed since last execution
    resources: tmpdir=/tmp

