Building DAG of jobs...
Using shell: /usr/bin/bash
Provided cores: 16
Rules claiming more threads will be scaled down.
Job stats:
job             count
------------  -------
Find_Markers        1
total               1

Select jobs to execute...
Execute 1 jobs...

[Tue Jun 25 11:46:13 2024]
localrule Find_Markers:
    input: Clustering.rds
    output: ALl_markers.txt, Top_Markers.txt
    jobid: 0
    reason: Missing output files: ALl_markers.txt, Top_Markers.txt
    resources: tmpdir=/tmp

[Tue Jun 25 11:46:20 2024]
Error in rule Find_Markers:
    jobid: 0
    input: Clustering.rds
    output: ALl_markers.txt, Top_Markers.txt
    shell:
        
        echo "give input: "
        read input
        echo "your input, $input"
        Rscript Find_Markers.R Clustering.rds ALl_markers.txt Top_Markers.txt RNA_snn_res.0.05 TRUE 0.25 10 Heatmap_of_markers.pdf
        
        (one of the commands exited with non-zero exit code; note that snakemake uses bash strict mode!)

Shutting down, this might take some time.
Exiting because a job execution failed. Look above for error message
Complete log: .snakemake/log/2024-06-25T114613.750366.snakemake.log
WorkflowError:
At least one job did not complete successfully.
