Building DAG of jobs...
Using shell: /usr/bin/bash
Provided cores: 16
Rules claiming more threads will be scaled down.
Job stats:
job          count
---------  -------
filtering        1
total            1

Select jobs to execute...
Execute 1 jobs...

[Mon Jun 24 12:30:51 2024]
localrule filtering:
    input: pbmc.rds
    output: Filtered_data.rds
    jobid: 0
    reason: Missing output files: Filtered_data.rds
    resources: tmpdir=/tmp

[Mon Jun 24 12:31:03 2024]
Finished job 0.
1 of 1 steps (100%) done
Complete log: .snakemake/log/2024-06-24T123051.632511.snakemake.log
