Building DAG of jobs...
Using shell: /usr/bin/bash
Provided cores: 16
Rules claiming more threads will be scaled down.
Job stats:
job             count
------------  -------
Find_Markers        1
total               1

Select jobs to execute...
Execute 1 jobs...

[Tue Jun 25 10:52:30 2024]
localrule Find_Markers:
    input: Clustering.rds
    output: ALl_markers.txt, Top_Markers.txt
    jobid: 0
    reason: Missing output files: ALl_markers.txt, Top_Markers.txt
    resources: tmpdir=/tmp

[Tue Jun 25 10:52:39 2024]
Finished job 0.
1 of 1 steps (100%) done
Complete log: .snakemake/log/2024-06-25T105230.677724.snakemake.log
