Building DAG of jobs...
Using shell: /usr/bin/bash
Provided cores: 16
Rules claiming more threads will be scaled down.
Job stats:
job           count
----------  -------
Clustering        1
all               1
total             2

Select jobs to execute...
Execute 1 jobs...

[Tue Jun 25 12:01:33 2024]
localrule Clustering:
    input: Filtered_data.rds, dims.txt
    output: Meta_Data.csv, Clustering.rds
    jobid: 1
    reason: Missing output files: Meta_Data.csv
    resources: tmpdir=/tmp

[Tue Jun 25 12:01:41 2024]
Finished job 1.
1 of 2 steps (50%) done
Select jobs to execute...
Execute 1 jobs...

[Tue Jun 25 12:01:41 2024]
localrule all:
    input: Meta_Data.csv, Clustering.rds
    jobid: 0
    reason: Input files updated by another job: Meta_Data.csv, Clustering.rds
    resources: tmpdir=/tmp

[Tue Jun 25 12:01:41 2024]
Finished job 0.
2 of 2 steps (100%) done
Complete log: .snakemake/log/2024-06-25T120133.327293.snakemake.log
