Building DAG of jobs...
Using shell: /usr/bin/bash
Provided cores: 16
Rules claiming more threads will be scaled down.
Job stats:
job             count
------------  -------
all                 1
find_markers        1
total               2

Select jobs to execute...
Execute 1 jobs...

[Thu Jun 27 15:16:33 2024]
localrule find_markers:
    input: Clustering.rds
    output: All_markers.txt, Top_Markers.txt
    jobid: 4
    reason: Code has changed since last execution
    resources: tmpdir=/tmp

[Thu Jun 27 15:16:43 2024]
Error in rule find_markers:
    jobid: 4
    input: Clustering.rds
    output: All_markers.txt, Top_Markers.txt
    shell:
        
        echo "Please enter the number of dimensions to use for PCA: "
        read Resolutions
        Rscript Find_Markers.R Clustering.rds All_markers.txt Top_Markers.txt $Resolutions TRUE 0.25 10 Heatmap_of_markers.pdf Clusters_of_Cells.pdf 15
        code Top_Markers.txt
        
        (one of the commands exited with non-zero exit code; note that snakemake uses bash strict mode!)

Removing output files of failed job find_markers since they might be corrupted:
All_markers.txt
Shutting down, this might take some time.
Exiting because a job execution failed. Look above for error message
Complete log: .snakemake/log/2024-06-27T151633.699044.snakemake.log
WorkflowError:
At least one job did not complete successfully.
